android/app/build/intermediates/manifest_merge_blame_file/debug/manifest-merger-blame-debug-report.txt
1<?xml version="1.0" encoding="utf-8"?>
2<manifest xmlns:android="http://schemas.android.com/apk/res/android"
3    package="com.expobaretypescript"
4    android:versionCode="1"
5    android:versionName="1.0" >
6
7    <uses-sdk
8        android:minSdkVersion="21"
9        android:targetSdkVersion="30" />
10
11    <uses-permission android:name="android.permission.SYSTEM_ALERT_WINDOW" />
11-->src/main/AndroidManifest.xml:3:3-75
11-->src/main/AndroidManifest.xml:3:20-73
12    <uses-permission android:name="android.permission.INTERNET" />
12-->src/main/AndroidManifest.xml:2:3-64
12-->src/main/AndroidManifest.xml:2:20-62
13    <uses-permission android:name="android.permission.VIBRATE" />
13-->src/main/AndroidManifest.xml:4:3-63
13-->src/main/AndroidManifest.xml:4:20-61
14    <uses-permission android:name="android.permission.READ_EXTERNAL_STORAGE" />
14-->src/main/AndroidManifest.xml:5:3-77
14-->src/main/AndroidManifest.xml:5:20-75
15    <uses-permission android:name="android.permission.WRITE_EXTERNAL_STORAGE" />
15-->src/main/AndroidManifest.xml:6:3-78
15-->src/main/AndroidManifest.xml:6:20-76
16
17    <queries>
17-->src/main/AndroidManifest.xml:7:3-13:13
18        <intent>
18-->src/main/AndroidManifest.xml:8:5-12:14
19            <action android:name="android.intent.action.VIEW" />
19-->src/main/AndroidManifest.xml:9:7-58
19-->src/main/AndroidManifest.xml:9:15-56
20
21            <category android:name="android.intent.category.BROWSABLE" />
21-->src/main/AndroidManifest.xml:10:7-67
21-->src/main/AndroidManifest.xml:10:17-65
22
23            <data android:scheme="https" />
23-->src/main/AndroidManifest.xml:11:7-37
23-->src/main/AndroidManifest.xml:11:13-35
24        </intent>
25        <!-- Query open documents -->
26        <intent>
26-->[:expo-file-system] AndroidManifest.xml:19:9-21:18
27            <action android:name="android.intent.action.OPEN_DOCUMENT_TREE" />
27-->[:expo-file-system] AndroidManifest.xml:20:13-79
27-->[:expo-file-system] AndroidManifest.xml:20:21-76
28        </intent>
29    </queries>
30
31    <uses-permission android:name="android.permission.ACCESS_WIFI_STATE" />
31-->[com.facebook.flipper:flipper:0.54.0] AndroidManifest.xml:16:5-76
31-->[com.facebook.flipper:flipper:0.54.0] AndroidManifest.xml:16:22-73
32    <uses-permission android:name="com.google.android.finsky.permission.BIND_GET_INSTALL_REFERRER_SERVICE" />
32-->[com.android.installreferrer:installreferrer:1.0] AndroidManifest.xml:9:5-110
32-->[com.android.installreferrer:installreferrer:1.0] AndroidManifest.xml:9:22-107
33
34    <application
34-->src/main/AndroidManifest.xml:14:3-27:17
35        android:name="com.expobaretypescript.MainApplication"
35-->src/main/AndroidManifest.xml:14:16-47
36        android:allowBackup="false"
36-->src/main/AndroidManifest.xml:14:162-189
37        android:appComponentFactory="androidx.core.app.CoreComponentFactory"
37-->[androidx.core:core:1.6.0] AndroidManifest.xml:24:18-86
38        android:debuggable="true"
39        android:icon="@mipmap/ic_launcher"
39-->src/main/AndroidManifest.xml:14:81-115
40        android:label="@string/app_name"
40-->src/main/AndroidManifest.xml:14:48-80
41        android:roundIcon="@mipmap/ic_launcher_round"
41-->src/main/AndroidManifest.xml:14:116-161
42        android:theme="@style/AppTheme"
42-->src/main/AndroidManifest.xml:14:190-221
43        android:usesCleartextTraffic="true" >
43-->src/main/AndroidManifest.xml:14:222-257
44        <meta-data
44-->src/main/AndroidManifest.xml:15:5-138
45            android:name="expo.modules.updates.EXPO_UPDATE_URL"
45-->src/main/AndroidManifest.xml:15:16-67
46            android:value="https://exp.host/@vladimir_vovk/expo-bare-typescript" />
46-->src/main/AndroidManifest.xml:15:68-136
47        <meta-data
47-->src/main/AndroidManifest.xml:16:5-93
48            android:name="expo.modules.updates.EXPO_SDK_VERSION"
48-->src/main/AndroidManifest.xml:16:16-68
49            android:value="44.0.0" />
49-->src/main/AndroidManifest.xml:16:69-91
50        <meta-data
50-->src/main/AndroidManifest.xml:17:5-82
51            android:name="expo.modules.updates.ENABLED"
51-->src/main/AndroidManifest.xml:17:16-59
52            android:value="true" />
52-->src/main/AndroidManifest.xml:17:60-80
53        <meta-data
53-->src/main/AndroidManifest.xml:18:5-105
54            android:name="expo.modules.updates.EXPO_UPDATES_CHECK_ON_LAUNCH"
54-->src/main/AndroidManifest.xml:18:16-80
55            android:value="ALWAYS" />
55-->src/main/AndroidManifest.xml:18:81-103
56        <meta-data
56-->src/main/AndroidManifest.xml:19:5-99
57            android:name="expo.modules.updates.EXPO_UPDATES_LAUNCH_WAIT_MS"
57-->src/main/AndroidManifest.xml:19:16-79
58            android:value="0" />
58-->src/main/AndroidManifest.xml:19:80-97
59
60        <activity
60-->src/main/AndroidManifest.xml:20:5-25:16
61            android:name="com.expobaretypescript.MainActivity"
61-->src/main/AndroidManifest.xml:20:15-43
62            android:configChanges="keyboard|keyboardHidden|orientation|screenSize|uiMode"
62-->src/main/AndroidManifest.xml:20:77-154
63            android:label="@string/app_name"
63-->src/main/AndroidManifest.xml:20:44-76
64            android:launchMode="singleTask"
64-->src/main/AndroidManifest.xml:20:155-186
65            android:theme="@style/Theme.App.SplashScreen"
65-->src/main/AndroidManifest.xml:20:230-275
66            android:windowSoftInputMode="adjustResize" >
66-->src/main/AndroidManifest.xml:20:187-229
67            <intent-filter>
67-->src/main/AndroidManifest.xml:21:7-24:23
68                <action android:name="android.intent.action.MAIN" />
68-->src/main/AndroidManifest.xml:22:9-60
68-->src/main/AndroidManifest.xml:22:17-58
69
70                <category android:name="android.intent.category.LAUNCHER" />
70-->src/main/AndroidManifest.xml:23:9-68
70-->src/main/AndroidManifest.xml:23:19-66
71            </intent-filter>
72        </activity>
73        <activity android:name="com.facebook.react.devsupport.DevSettingsActivity" />
73-->src/main/AndroidManifest.xml:26:5-81
73-->src/main/AndroidManifest.xml:26:15-79
74
75        <provider
75-->[:expo-file-system] AndroidManifest.xml:25:9-34:20
76            android:name="expo.modules.filesystem.FileSystemFileProvider"
76-->[:expo-file-system] AndroidManifest.xml:26:13-74
77            android:authorities="com.expobaretypescript.FileSystemFileProvider"
77-->[:expo-file-system] AndroidManifest.xml:27:13-74
78            android:exported="false"
78-->[:expo-file-system] AndroidManifest.xml:28:13-37
79            android:grantUriPermissions="true" >
79-->[:expo-file-system] AndroidManifest.xml:29:13-47
80            <meta-data
80-->[:expo-file-system] AndroidManifest.xml:31:13-33:70
81                android:name="android.support.FILE_PROVIDER_PATHS"
81-->[:expo-file-system] AndroidManifest.xml:32:17-67
82                android:resource="@xml/file_system_provider_paths" />
82-->[:expo-file-system] AndroidManifest.xml:33:17-67
83        </provider>
84
85        <meta-data
85-->[:expo-modules-core] AndroidManifest.xml:12:9-14:89
86            android:name="org.unimodules.core.AppLoader#react-native-headless"
86-->[:expo-modules-core] AndroidManifest.xml:13:13-79
87            android:value="expo.modules.adapters.react.apploader.RNHeadlessAppLoader" />
87-->[:expo-modules-core] AndroidManifest.xml:14:13-86
88    </application>
89
90</manifest>